<?xml version="1.0" encoding="UTF-8"?>
<!-- Generated by org.testng.reporters.JUnitReportReporter -->
<testsuite hostname="DESKTOP-FIJ48UD" failures="0" tests="4" name="com.runner.TestRunner" time="31.761" errors="0" timestamp="2025-10-18T23:31:31 IST" skipped="0">
  <testcase classname="com.runner.TestRunner" name="runScenario" time="4.513"/>
  <testcase classname="com.runner.TestRunner" name="runScenario" time="4.389"/>
  <testcase classname="com.runner.TestRunner" name="runScenario" time="3.872"/>
  <testcase classname="com.runner.TestRunner" name="runScenario" time="18.987"/>
</testsuite> <!-- com.runner.TestRunner -->
